<?xml version="1.0" encoding="UTF-8"?>
<!-- Generated by org.testng.reporters.JUnitReportReporter -->
<testsuite hostname="PF4LA0Y8" failures="0" tests="1" name="common.BaseClass" time="0.927" errors="0" timestamp="2024-06-11T14:08:00 IST" skipped="0">
  <testcase classname="common.BaseClass" name="shouldSearchWiki" time="0.927"/>
  <system-out/>
</testsuite> <!-- common.BaseClass -->
