<?xml version="1.0" encoding="UTF-8"?>
<!-- Generated by org.testng.reporters.JUnitReportReporter -->
<testsuite hostname="PF4LA0Y8" failures="0" tests="2" name="team.dhruva.FiixRegression" time="9.919" errors="0" timestamp="2024-12-04T14:20:36 IST" skipped="0">
  <testcase classname="team.dhruva.FiixRegression" name="verify_Login" time="2.290"/>
  <system-out/>
  <testcase classname="team.dhruva.FiixRegression" name="create_Part_Supplies" time="7.629"/>
  <system-out/>
</testsuite> <!-- team.dhruva.FiixRegression -->
