<?xml version="1.0" encoding="UTF-8"?>
<!-- Generated by org.testng.reporters.JUnitReportReporter -->
<testsuite hostname="PF4LA0Y8" failures="0" tests="1" name="team.dhruva.Fiix" time="2.483" errors="0" timestamp="2024-06-11T16:39:57 IST" skipped="0">
  <testcase classname="team.dhruva.Fiix" name="shouldSearchWiki" time="2.483"/>
  <system-out/>
</testsuite> <!-- team.dhruva.Fiix -->
